app/build/intermediates/manifest_merge_blame_file/debug/manifest-merger-blame-debug-report.txt
1<?xml version="1.0" encoding="utf-8"?>
2<!--
3 Copyright (c) 2010-2011, The MiCode Open Source Community (www.micode.net)
4
5     Licensed under the Apache License, Version 2.0 (the "License");
6     you may not use this file except in compliance with the License.
7     You may obtain a copy of the License at
8
9          http://www.apache.org/licenses/LICENSE-2.0
10
11     Unless required by applicable law or agreed to in writing, software
12     distributed under the License is distributed on an "AS IS" BASIS,
13     WITHOUT WARRANTIES OR CONDITIONS OF ANY KIND, either express or implied.
14     See the License for the specific language governing permissions and
15     limitations under the License.
16-->
17<manifest xmlns:android="http://schemas.android.com/apk/res/android"
18    package="net.micode.notes"
19    android:versionCode="1"
20    android:versionName="0.1" >
21
22    <uses-sdk
23        android:minSdkVersion="24"
23-->src\main\AndroidManifest.xml
24        android:targetSdkVersion="33" />
24-->src\main\AndroidManifest.xml
25
26    <uses-permission android:name="com.android.launcher.permission.INSTALL_SHORTCUT" />
26-->src\main\AndroidManifest.xml:25:5-88
26-->src\main\AndroidManifest.xml:25:22-85
27    <uses-permission android:name="android.permission.INTERNET" />
27-->src\main\AndroidManifest.xml:26:5-67
27-->src\main\AndroidManifest.xml:26:22-64
28    <uses-permission android:name="android.permission.READ_CONTACTS" />
28-->src\main\AndroidManifest.xml:27:5-72
28-->src\main\AndroidManifest.xml:27:22-69
29    <uses-permission android:name="android.permission.MANAGE_ACCOUNTS" />
29-->src\main\AndroidManifest.xml:28:5-74
29-->src\main\AndroidManifest.xml:28:22-71
30    <uses-permission android:name="android.permission.AUTHENTICATE_ACCOUNTS" />
30-->src\main\AndroidManifest.xml:29:5-80
30-->src\main\AndroidManifest.xml:29:22-77
31    <uses-permission android:name="android.permission.GET_ACCOUNTS" />
31-->src\main\AndroidManifest.xml:30:5-71
31-->src\main\AndroidManifest.xml:30:22-68
32    <uses-permission android:name="android.permission.USE_CREDENTIALS" />
32-->src\main\AndroidManifest.xml:31:5-74
32-->src\main\AndroidManifest.xml:31:22-71
33    <uses-permission android:name="android.permission.RECEIVE_BOOT_COMPLETED" />
33-->src\main\AndroidManifest.xml:32:5-81
33-->src\main\AndroidManifest.xml:32:22-78
34    <uses-permission android:name="android.permission.INTERNET" />
34-->src\main\AndroidManifest.xml:26:5-67
34-->src\main\AndroidManifest.xml:26:22-64
35
36    <application
36-->src\main\AndroidManifest.xml:35:5-184:19
37        android:appComponentFactory="androidx.core.app.CoreComponentFactory"
37-->[androidx.core:core:1.5.0] AndroidManifest.xml:24:18-86
38        android:debuggable="true"
39        android:extractNativeLibs="false"
40        android:icon="@drawable/icon_app"
40-->src\main\AndroidManifest.xml:36:9-42
41        android:label="@string/app_name"
41-->src\main\AndroidManifest.xml:37:9-41
42        android:networkSecurityConfig="@xml/network_security_config"
42-->src\main\AndroidManifest.xml:38:9-69
43        android:testOnly="true" >
44        <activity
44-->src\main\AndroidManifest.xml:41:9-51:20
45            android:name="net.micode.notes.ui.NoteLoginActivity"
45-->src\main\AndroidManifest.xml:41:19-55
46            android:exported="true"
46-->src\main\AndroidManifest.xml:45:19-42
47            android:label="@string/login_title"
47-->src\main\AndroidManifest.xml:42:19-54
48            android:launchMode="singleTop"
48-->src\main\AndroidManifest.xml:43:19-49
49            android:theme="@style/Theme.MaterialComponents.Light" >
49-->src\main\AndroidManifest.xml:44:19-72
50            <intent-filter>
50-->src\main\AndroidManifest.xml:47:13-50:29
51                <action android:name="android.intent.action.MAIN" />
51-->src\main\AndroidManifest.xml:48:17-69
51-->src\main\AndroidManifest.xml:48:25-66
52
53                <category android:name="android.intent.category.LAUNCHER" />
53-->src\main\AndroidManifest.xml:49:17-77
53-->src\main\AndroidManifest.xml:49:27-74
54            </intent-filter>
55        </activity>
56        <activity
56-->src\main\AndroidManifest.xml:54:9-65:20
57            android:name="net.micode.notes.ui.NotesListActivity"
57-->src\main\AndroidManifest.xml:55:13-49
58            android:configChanges="keyboardHidden|orientation|screenSize"
58-->src\main\AndroidManifest.xml:56:13-74
59            android:exported="false"
59-->src\main\AndroidManifest.xml:61:13-37
60            android:launchMode="singleTop"
60-->src\main\AndroidManifest.xml:57:13-43
61            android:theme="@style/Theme.MaterialComponents.Light"
61-->src\main\AndroidManifest.xml:58:13-66
62            android:uiOptions="splitActionBarWhenNarrow"
62-->src\main\AndroidManifest.xml:59:13-57
63            android:windowSoftInputMode="adjustPan" >
63-->src\main\AndroidManifest.xml:60:13-52
64        </activity>
65        <activity
65-->src\main\AndroidManifest.xml:67:9-98:20
66            android:name="net.micode.notes.ui.NoteEditActivity"
66-->src\main\AndroidManifest.xml:68:13-48
67            android:configChanges="keyboardHidden|orientation|screenSize"
67-->src\main\AndroidManifest.xml:69:13-74
68            android:exported="true"
68-->src\main\AndroidManifest.xml:72:13-36
69            android:launchMode="singleTop"
69-->src\main\AndroidManifest.xml:70:13-43
70            android:theme="@style/Theme.MaterialComponents.Light" >
70-->src\main\AndroidManifest.xml:71:13-66
71            <intent-filter android:scheme="http" >
71-->src\main\AndroidManifest.xml:75:13-81:29
71-->src\main\AndroidManifest.xml:75:28-49
72                <action android:name="android.intent.action.VIEW" />
72-->src\main\AndroidManifest.xml:77:17-69
72-->src\main\AndroidManifest.xml:77:25-66
73
74                <category android:name="android.intent.category.DEFAULT" />
74-->src\main\AndroidManifest.xml:78:17-76
74-->src\main\AndroidManifest.xml:78:27-73
75
76                <data android:mimeType="vnd.android.cursor.item/text_note" />
76-->src\main\AndroidManifest.xml:79:17-78
76-->src\main\AndroidManifest.xml:79:23-75
77                <data android:mimeType="vnd.android.cursor.item/call_note" />
77-->src\main\AndroidManifest.xml:79:17-78
77-->src\main\AndroidManifest.xml:79:23-75
78            </intent-filter>
79            <intent-filter>
79-->src\main\AndroidManifest.xml:83:13-88:29
80                <action android:name="android.intent.action.INSERT_OR_EDIT" />
80-->src\main\AndroidManifest.xml:84:17-79
80-->src\main\AndroidManifest.xml:84:25-76
81
82                <category android:name="android.intent.category.DEFAULT" />
82-->src\main\AndroidManifest.xml:78:17-76
82-->src\main\AndroidManifest.xml:78:27-73
83
84                <data android:mimeType="vnd.android.cursor.item/text_note" />
84-->src\main\AndroidManifest.xml:79:17-78
84-->src\main\AndroidManifest.xml:79:23-75
85                <data android:mimeType="vnd.android.cursor.item/call_note" />
85-->src\main\AndroidManifest.xml:79:17-78
85-->src\main\AndroidManifest.xml:79:23-75
86            </intent-filter>
87            <intent-filter>
87-->src\main\AndroidManifest.xml:90:13-93:29
88                <action android:name="android.intent.action.SEARCH" />
88-->src\main\AndroidManifest.xml:91:17-71
88-->src\main\AndroidManifest.xml:91:25-68
89
90                <category android:name="android.intent.category.DEFAULT" />
90-->src\main\AndroidManifest.xml:78:17-76
90-->src\main\AndroidManifest.xml:78:27-73
91            </intent-filter>
92
93            <meta-data
93-->src\main\AndroidManifest.xml:95:13-97:54
94                android:name="android.app.searchable"
94-->src\main\AndroidManifest.xml:96:17-54
95                android:resource="@xml/searchable" />
95-->src\main\AndroidManifest.xml:97:17-51
96        </activity>
97        <activity
97-->src\main\AndroidManifest.xml:100:9-106:20
98            android:name="net.micode.notes.ui.AlarmAlertActivity"
98-->src\main\AndroidManifest.xml:101:17-54
99            android:exported="false"
99-->src\main\AndroidManifest.xml:104:17-41
100            android:launchMode="singleInstance"
100-->src\main\AndroidManifest.xml:102:17-52
101            android:theme="@android:style/Theme.Holo.Wallpaper.NoTitleBar" >
101-->src\main\AndroidManifest.xml:103:17-79
102        </activity>
103        <activity
103-->src\main\AndroidManifest.xml:108:9-115:20
104            android:name="net.micode.notes.ui.NotesPreferenceActivity"
104-->src\main\AndroidManifest.xml:109:17-75
105            android:exported="false"
105-->src\main\AndroidManifest.xml:113:17-41
106            android:label="@string/preferences_title"
106-->src\main\AndroidManifest.xml:110:17-58
107            android:launchMode="singleTop"
107-->src\main\AndroidManifest.xml:111:17-47
108            android:theme="@android:style/Theme.Holo.Light" >
108-->src\main\AndroidManifest.xml:112:17-64
109        </activity>
110
111        <provider
111-->src\main\AndroidManifest.xml:119:9-124:11
112            android:name="net.micode.notes.data.NotesProvider"
112-->src\main\AndroidManifest.xml:120:13-63
113            android:authorities="micode_notes"
113-->src\main\AndroidManifest.xml:121:13-47
114            android:exported="false"
114-->src\main\AndroidManifest.xml:123:13-37
115            android:multiprocess="true" />
115-->src\main\AndroidManifest.xml:122:13-40
116
117        <receiver
117-->src\main\AndroidManifest.xml:126:9-140:20
118            android:name="net.micode.notes.widget.NoteWidgetProvider_2x"
118-->src\main\AndroidManifest.xml:127:13-57
119            android:exported="false"
119-->src\main\AndroidManifest.xml:129:13-37
120            android:label="@string/app_widget2x2" >
120-->src\main\AndroidManifest.xml:128:13-50
121            <intent-filter>
121-->src\main\AndroidManifest.xml:131:13-135:29
122                <action android:name="android.appwidget.action.APPWIDGET_UPDATE" />
122-->src\main\AndroidManifest.xml:132:17-84
122-->src\main\AndroidManifest.xml:132:25-81
123                <action android:name="android.appwidget.action.APPWIDGET_DELETED" />
123-->src\main\AndroidManifest.xml:133:17-85
123-->src\main\AndroidManifest.xml:133:25-82
124                <action android:name="android.intent.action.PRIVACY_MODE_CHANGED" />
124-->src\main\AndroidManifest.xml:134:17-85
124-->src\main\AndroidManifest.xml:134:25-82
125            </intent-filter>
126
127            <meta-data
127-->src\main\AndroidManifest.xml:137:13-139:58
128                android:name="android.appwidget.provider"
128-->src\main\AndroidManifest.xml:138:17-58
129                android:resource="@xml/widget_2x_info" />
129-->src\main\AndroidManifest.xml:139:17-55
130        </receiver>
131        <receiver
131-->src\main\AndroidManifest.xml:141:9-156:20
132            android:name="net.micode.notes.widget.NoteWidgetProvider_4x"
132-->src\main\AndroidManifest.xml:142:13-57
133            android:exported="false"
133-->src\main\AndroidManifest.xml:144:13-37
134            android:label="@string/app_widget4x4" >
134-->src\main\AndroidManifest.xml:143:13-50
135            <intent-filter>
135-->src\main\AndroidManifest.xml:131:13-135:29
136                <action android:name="android.appwidget.action.APPWIDGET_UPDATE" />
136-->src\main\AndroidManifest.xml:132:17-84
136-->src\main\AndroidManifest.xml:132:25-81
137                <action android:name="android.appwidget.action.APPWIDGET_DELETED" />
137-->src\main\AndroidManifest.xml:133:17-85
137-->src\main\AndroidManifest.xml:133:25-82
138                <action android:name="android.intent.action.PRIVACY_MODE_CHANGED" />
138-->src\main\AndroidManifest.xml:134:17-85
138-->src\main\AndroidManifest.xml:134:25-82
139            </intent-filter>
140
141            <meta-data
141-->src\main\AndroidManifest.xml:137:13-139:58
142                android:name="android.appwidget.provider"
142-->src\main\AndroidManifest.xml:138:17-58
143                android:resource="@xml/widget_4x_info" />
143-->src\main\AndroidManifest.xml:139:17-55
144        </receiver>
145        <receiver
145-->src\main\AndroidManifest.xml:158:9-162:20
146            android:name="net.micode.notes.ui.AlarmInitReceiver"
146-->src\main\AndroidManifest.xml:158:19-55
147            android:exported="false" >
147-->src\main\AndroidManifest.xml:158:56-80
148            <intent-filter>
148-->src\main\AndroidManifest.xml:159:13-161:29
149                <action android:name="android.intent.action.BOOT_COMPLETED" />
149-->src\main\AndroidManifest.xml:160:17-79
149-->src\main\AndroidManifest.xml:160:25-76
150            </intent-filter>
151        </receiver>
152        <receiver
152-->src\main\AndroidManifest.xml:164:9-169:20
153            android:name="net.micode.notes.ui.AlarmReceiver"
153-->src\main\AndroidManifest.xml:165:13-61
154            android:exported="false"
154-->src\main\AndroidManifest.xml:167:13-37
155            android:process=":remote" >
155-->src\main\AndroidManifest.xml:166:13-38
156        </receiver>
157
158        <service
158-->src\main\AndroidManifest.xml:171:9-174:19
159            android:name="net.micode.notes.gtask.remote.GTaskSyncService"
159-->src\main\AndroidManifest.xml:172:13-74
160            android:exported="false" >
160-->src\main\AndroidManifest.xml:173:13-37
161        </service>
162        <service
162-->src\main\AndroidManifest.xml:176:9-179:19
163            android:name="net.micode.notes.service.BackupBoundService"
163-->src\main\AndroidManifest.xml:176:18-60
164            android:exported="false" >
164-->src\main\AndroidManifest.xml:177:13-37
165        </service>
166
167        <meta-data
167-->src\main\AndroidManifest.xml:181:9-183:52
168            android:name="android.app.default_searchable"
168-->src\main\AndroidManifest.xml:182:13-58
169            android:value=".ui.NoteEditActivity" />
169-->src\main\AndroidManifest.xml:183:13-49
170    </application>
171
172</manifest>